# JRE version: Java(TM) SE Runtime Environment (8.0_231-b11) (build 1.8.0_231-b11)
# Java VM: Java HotSpot(TM) 64-Bit Server VM (25.231-b11 mixed mode windows-amd64 compressed oops)
Heap:
 PSYoungGen      total 284672K, used 29386K [0x00000000eab00000, 0x00000000fd600000, 0x0000000100000000)
  eden space 263168K, 11% used [0x00000000eab00000,0x00000000ec7b2a68,0x00000000fac00000)
  from space 21504K, 0% used [0x00000000fc100000,0x00000000fc100000,0x00000000fd600000)
  to   space 21504K, 0% used [0x00000000fac00000,0x00000000fac00000,0x00000000fc100000)
 ParOldGen       total 349696K, used 5469K [0x00000000c0000000, 0x00000000d5580000, 0x00000000eab00000)
  object space 349696K, 1% used [0x00000000c0000000,0x00000000c0557630,0x00000000d5580000)
 Metaspace       used 21289K, capacity 21978K, committed 22192K, reserved 1069056K
  class space    used 2783K, capacity 2983K, committed 2992K, reserved 1048576K
GC Heap History (10 events):
Event: 2.010 GC heap before
{Heap before GC invocations=1 (full 0):
 PSYoungGen      total 153088K, used 131584K [0x00000000eab00000, 0x00000000f5580000, 0x0000000100000000)
  eden space 131584K, 100% used [0x00000000eab00000,0x00000000f2b80000,0x00000000f2b80000)
  from space 21504K, 0% used [0x00000000f4080000,0x00000000f4080000,0x00000000f5580000)
  to   space 21504K, 0% used [0x00000000f2b80000,0x00000000f2b80000,0x00000000f4080000)
 ParOldGen       total 349696K, used 0K [0x00000000c0000000, 0x00000000d5580000, 0x00000000eab00000)
  object space 349696K, 0% used [0x00000000c0000000,0x00000000c0000390,0x00000000d5580000)
 Metaspace       used 10479K, capacity 10738K, committed 10880K, reserved 1058816K
  class space    used 1292K, capacity 1381K, committed 1408K, reserved 1048576K
Event: 2.017 GC heap after
Heap after GC invocations=1 (full 0):
 PSYoungGen      total 153088K, used 3136K [0x00000000eab00000, 0x00000000f5580000, 0x0000000100000000)
  eden space 131584K, 0% used [0x00000000eab00000,0x00000000eab00000,0x00000000f2b80000)
  from space 21504K, 14% used [0x00000000f2b80000,0x00000000f2e90030,0x00000000f4080000)
  to   space 21504K, 0% used [0x00000000f4080000,0x00000000f4080000,0x00000000f5580000)
 ParOldGen       total 349696K, used 16K [0x00000000c0000000, 0x00000000d5580000, 0x00000000eab00000)
  object space 349696K, 0% used [0x00000000c0000000,0x00000000c0004390,0x00000000d5580000)
 Metaspace       used 10479K, capacity 10738K, committed 10880K, reserved 1058816K
  class space    used 1292K, capacity 1381K, committed 1408K, reserved 1048576K
}
Event: 2.761 GC heap before
{Heap before GC invocations=2 (full 0):
 PSYoungGen      total 153088K, used 134720K [0x00000000eab00000, 0x00000000f5580000, 0x0000000100000000)
  eden space 131584K, 100% used [0x00000000eab00000,0x00000000f2b80000,0x00000000f2b80000)
  from space 21504K, 14% used [0x00000000f2b80000,0x00000000f2e90030,0x00000000f4080000)
  to   space 21504K, 0% used [0x00000000f4080000,0x00000000f4080000,0x00000000f5580000)
 ParOldGen       total 349696K, used 28K [0x00000000c0000000, 0x00000000d5580000, 0x00000000eab00000)
  object space 349696K, 0% used [0x00000000c0000000,0x00000000c00070a8,0x00000000d5580000)
 Metaspace       used 14636K, capacity 15114K, committed 15360K, reserved 1062912K
  class space    used 1922K, capacity 2045K, committed 2048K, reserved 1048576K
Event: 2.778 GC heap after
Heap after GC invocations=2 (full 0):
 PSYoungGen      total 153088K, used 4672K [0x00000000eab00000, 0x00000000fd600000, 0x0000000100000000)
  eden space 131584K, 0% used [0x00000000eab00000,0x00000000eab00000,0x00000000f2b80000)
  from space 21504K, 21% used [0x00000000f4080000,0x00000000f4510010,0x00000000f5580000)
  to   space 21504K, 0% used [0x00000000f2b80000,0x00000000f2b80000,0x00000000f4080000)
 ParOldGen       total 349696K, used 28K [0x00000000c0000000, 0x00000000d5580000, 0x00000000eab00000)
  object space 349696K, 0% used [0x00000000c0000000,0x00000000c00070a8,0x00000000d5580000)
 Metaspace       used 14636K, capacity 15114K, committed 15360K, reserved 1062912K
  class space    used 1922K, capacity 2045K, committed 2048K, reserved 1048576K
}
Event: 3.478 GC heap before
{Heap before GC invocations=3 (full 0):
 PSYoungGen      total 153088K, used 136256K [0x00000000eab00000, 0x00000000fd600000, 0x0000000100000000)
  eden space 131584K, 100% used [0x00000000eab00000,0x00000000f2b80000,0x00000000f2b80000)
  from space 21504K, 21% used [0x00000000f4080000,0x00000000f4510010,0x00000000f5580000)
  to   space 21504K, 0% used [0x00000000f2b80000,0x00000000f2b80000,0x00000000f4080000)
 ParOldGen       total 349696K, used 28K [0x00000000c0000000, 0x00000000d5580000, 0x00000000eab00000)
  object space 349696K, 0% used [0x00000000c0000000,0x00000000c00070a8,0x00000000d5580000)
 Metaspace       used 19512K, capacity 20060K, committed 20352K, reserved 1067008K
  class space    used 2516K, capacity 2664K, committed 2688K, reserved 1048576K
Event: 3.519 GC heap after
Heap after GC invocations=3 (full 0):
 PSYoungGen      total 153088K, used 5440K [0x00000000eab00000, 0x00000000fd600000, 0x0000000100000000)
  eden space 131584K, 0% used [0x00000000eab00000,0x00000000eab00000,0x00000000f2b80000)
  from space 21504K, 25% used [0x00000000f2b80000,0x00000000f30d0010,0x00000000f4080000)
  to   space 21504K, 0% used [0x00000000fc100000,0x00000000fc100000,0x00000000fd600000)
 ParOldGen       total 349696K, used 28K [0x00000000c0000000, 0x00000000d5580000, 0x00000000eab00000)
  object space 349696K, 0% used [0x00000000c0000000,0x00000000c00070a8,0x00000000d5580000)
 Metaspace       used 19512K, capacity 20060K, committed 20352K, reserved 1067008K
  class space    used 2516K, capacity 2664K, committed 2688K, reserved 1048576K
}
Event: 3.693 GC heap before
{Heap before GC invocations=4 (full 0):
 PSYoungGen      total 153088K, used 45019K [0x00000000eab00000, 0x00000000fd600000, 0x0000000100000000)
  eden space 131584K, 30% used [0x00000000eab00000,0x00000000ed1a6cb0,0x00000000f2b80000)
  from space 21504K, 25% used [0x00000000f2b80000,0x00000000f30d0010,0x00000000f4080000)
  to   space 21504K, 0% used [0x00000000fc100000,0x00000000fc100000,0x00000000fd600000)
 ParOldGen       total 349696K, used 28K [0x00000000c0000000, 0x00000000d5580000, 0x00000000eab00000)
  object space 349696K, 0% used [0x00000000c0000000,0x00000000c00070a8,0x00000000d5580000)
 Metaspace       used 20595K, capacity 21166K, committed 21296K, reserved 1067008K
  class space    used 2679K, capacity 2863K, committed 2864K, reserved 1048576K
Event: 3.703 GC heap after
Heap after GC invocations=4 (full 0):
 PSYoungGen      total 284672K, used 5488K [0x00000000eab00000, 0x00000000fd600000, 0x0000000100000000)
  eden space 263168K, 0% used [0x00000000eab00000,0x00000000eab00000,0x00000000fac00000)
  from space 21504K, 25% used [0x00000000fc100000,0x00000000fc65c010,0x00000000fd600000)
  to   space 21504K, 0% used [0x00000000fac00000,0x00000000fac00000,0x00000000fc100000)
 ParOldGen       total 349696K, used 100K [0x00000000c0000000, 0x00000000d5580000, 0x00000000eab00000)
  object space 349696K, 0% used [0x00000000c0000000,0x00000000c00190b8,0x00000000d5580000)
 Metaspace       used 20595K, capacity 21166K, committed 21296K, reserved 1067008K
  class space    used 2679K, capacity 2863K, committed 2864K, reserved 1048576K
}
Event: 3.703 GC heap before
{Heap before GC invocations=5 (full 1):
 PSYoungGen      total 284672K, used 5488K [0x00000000eab00000, 0x00000000fd600000, 0x0000000100000000)
  eden space 263168K, 0% used [0x00000000eab00000,0x00000000eab00000,0x00000000fac00000)
  from space 21504K, 25% used [0x00000000fc100000,0x00000000fc65c010,0x00000000fd600000)
  to   space 21504K, 0% used [0x00000000fac00000,0x00000000fac00000,0x00000000fc100000)
 ParOldGen       total 349696K, used 100K [0x00000000c0000000, 0x00000000d5580000, 0x00000000eab00000)
  object space 349696K, 0% used [0x00000000c0000000,0x00000000c00190b8,0x00000000d5580000)
 Metaspace       used 20595K, capacity 21166K, committed 21296K, reserved 1067008K
  class space    used 2679K, capacity 2863K, committed 2864K, reserved 1048576K
Event: 3.745 GC heap after
Heap after GC invocations=5 (full 1):
 PSYoungGen      total 284672K, used 0K [0x00000000eab00000, 0x00000000fd600000, 0x0000000100000000)
  eden space 263168K, 0% used [0x00000000eab00000,0x00000000eab00000,0x00000000fac00000)
  from space 21504K, 0% used [0x00000000fc100000,0x00000000fc100000,0x00000000fd600000)
  to   space 21504K, 0% used [0x00000000fac00000,0x00000000fac00000,0x00000000fc100000)
 ParOldGen       total 349696K, used 5469K [0x00000000c0000000, 0x00000000d5580000, 0x00000000eab00000)
  object space 349696K, 1% used [0x00000000c0000000,0x00000000c0557630,0x00000000d5580000)
 Metaspace       used 20595K, capacity 21166K, committed 21296K, reserved 1067008K
  class space    used 2679K, capacity 2863K, committed 2864K, reserved 1048576K
}

