# JRE version: Java(TM) SE Runtime Environment (8.0_231-b11) (build 1.8.0_231-b11)
# Java VM: Java HotSpot(TM) 64-Bit Server VM (25.231-b11 mixed mode windows-amd64 compressed oops)
Heap:
 PSYoungGen      total 286208K, used 58445K [0x00000000eab00000, 0x00000000fcb80000, 0x0000000100000000)
  eden space 282112K, 19% used [0x00000000eab00000,0x00000000ee015910,0x00000000fbe80000)
  from space 4096K, 99% used [0x00000000fc780000,0x00000000fcb7ddc0,0x00000000fcb80000)
  to   space 6144K, 0% used [0x00000000fbf80000,0x00000000fbf80000,0x00000000fc580000)
 ParOldGen       total 29184K, used 10123K [0x00000000c0000000, 0x00000000c1c80000, 0x00000000eab00000)
  object space 29184K, 34% used [0x00000000c0000000,0x00000000c09e2dc0,0x00000000c1c80000)
 Metaspace       used 32757K, capacity 34150K, committed 34432K, reserved 1079296K
  class space    used 4353K, capacity 4631K, committed 4736K, reserved 1048576K
GC Heap History (10 events):
Event: 3.068 GC heap before
{Heap before GC invocations=9 (full 0):
 PSYoungGen      total 133120K, used 132336K [0x00000000eab00000, 0x00000000f3000000, 0x0000000100000000)
  eden space 130048K, 100% used [0x00000000eab00000,0x00000000f2a00000,0x00000000f2a00000)
  from space 3072K, 74% used [0x00000000f2d00000,0x00000000f2f3c010,0x00000000f3000000)
  to   space 3072K, 0% used [0x00000000f2a00000,0x00000000f2a00000,0x00000000f2d00000)
 ParOldGen       total 44032K, used 2343K [0x00000000c0000000, 0x00000000c2b00000, 0x00000000eab00000)
  object space 44032K, 5% used [0x00000000c0000000,0x00000000c0249c48,0x00000000c2b00000)
 Metaspace       used 19241K, capacity 19724K, committed 20096K, reserved 1067008K
  class space    used 2476K, capacity 2620K, committed 2688K, reserved 1048576K
Event: 3.086 GC heap after
Heap after GC invocations=9 (full 0):
 PSYoungGen      total 133120K, used 2512K [0x00000000eab00000, 0x00000000f7c80000, 0x0000000100000000)
  eden space 130048K, 0% used [0x00000000eab00000,0x00000000eab00000,0x00000000f2a00000)
  from space 3072K, 81% used [0x00000000f2a00000,0x00000000f2c74010,0x00000000f2d00000)
  to   space 3072K, 0% used [0x00000000f7980000,0x00000000f7980000,0x00000000f7c80000)
 ParOldGen       total 44032K, used 2903K [0x00000000c0000000, 0x00000000c2b00000, 0x00000000eab00000)
  object space 44032K, 6% used [0x00000000c0000000,0x00000000c02d5c48,0x00000000c2b00000)
 Metaspace       used 19241K, capacity 19724K, committed 20096K, reserved 1067008K
  class space    used 2476K, capacity 2620K, committed 2688K, reserved 1048576K
}
Event: 3.542 GC heap before
{Heap before GC invocations=10 (full 0):
 PSYoungGen      total 133120K, used 44127K [0x00000000eab00000, 0x00000000f7c80000, 0x0000000100000000)
  eden space 130048K, 32% used [0x00000000eab00000,0x00000000ed3a3e08,0x00000000f2a00000)
  from space 3072K, 81% used [0x00000000f2a00000,0x00000000f2c74010,0x00000000f2d00000)
  to   space 3072K, 0% used [0x00000000f7980000,0x00000000f7980000,0x00000000f7c80000)
 ParOldGen       total 44032K, used 2903K [0x00000000c0000000, 0x00000000c2b00000, 0x00000000eab00000)
  object space 44032K, 6% used [0x00000000c0000000,0x00000000c02d5c48,0x00000000c2b00000)
 Metaspace       used 20599K, capacity 21162K, committed 21296K, reserved 1067008K
  class space    used 2695K, capacity 2887K, committed 2944K, reserved 1048576K
Event: 3.548 GC heap after
Heap after GC invocations=10 (full 0):
 PSYoungGen      total 210944K, used 1216K [0x00000000eab00000, 0x00000000f7d80000, 0x0000000100000000)
  eden space 207872K, 0% used [0x00000000eab00000,0x00000000eab00000,0x00000000f7600000)
  from space 3072K, 39% used [0x00000000f7980000,0x00000000f7ab0000,0x00000000f7c80000)
  to   space 3584K, 0% used [0x00000000f7600000,0x00000000f7600000,0x00000000f7980000)
 ParOldGen       total 44032K, used 4428K [0x00000000c0000000, 0x00000000c2b00000, 0x00000000eab00000)
  object space 44032K, 10% used [0x00000000c0000000,0x00000000c04531a8,0x00000000c2b00000)
 Metaspace       used 20599K, capacity 21162K, committed 21296K, reserved 1067008K
  class space    used 2695K, capacity 2887K, committed 2944K, reserved 1048576K
}
Event: 3.548 GC heap before
{Heap before GC invocations=11 (full 1):
 PSYoungGen      total 210944K, used 1216K [0x00000000eab00000, 0x00000000f7d80000, 0x0000000100000000)
  eden space 207872K, 0% used [0x00000000eab00000,0x00000000eab00000,0x00000000f7600000)
  from space 3072K, 39% used [0x00000000f7980000,0x00000000f7ab0000,0x00000000f7c80000)
  to   space 3584K, 0% used [0x00000000f7600000,0x00000000f7600000,0x00000000f7980000)
 ParOldGen       total 44032K, used 4428K [0x00000000c0000000, 0x00000000c2b00000, 0x00000000eab00000)
  object space 44032K, 10% used [0x00000000c0000000,0x00000000c04531a8,0x00000000c2b00000)
 Metaspace       used 20599K, capacity 21162K, committed 21296K, reserved 1067008K
  class space    used 2695K, capacity 2887K, committed 2944K, reserved 1048576K
Event: 3.604 GC heap after
Heap after GC invocations=11 (full 1):
 PSYoungGen      total 210944K, used 0K [0x00000000eab00000, 0x00000000f7d80000, 0x0000000100000000)
  eden space 207872K, 0% used [0x00000000eab00000,0x00000000eab00000,0x00000000f7600000)
  from space 3072K, 0% used [0x00000000f7980000,0x00000000f7980000,0x00000000f7c80000)
  to   space 3584K, 0% used [0x00000000f7600000,0x00000000f7600000,0x00000000f7980000)
 ParOldGen       total 29184K, used 5419K [0x00000000c0000000, 0x00000000c1c80000, 0x00000000eab00000)
  object space 29184K, 18% used [0x00000000c0000000,0x00000000c054ad70,0x00000000c1c80000)
 Metaspace       used 20599K, capacity 21162K, committed 21296K, reserved 1067008K
  class space    used 2695K, capacity 2887K, committed 2944K, reserved 1048576K
}
Event: 5.466 GC heap before
{Heap before GC invocations=12 (full 1):
 PSYoungGen      total 210944K, used 207872K [0x00000000eab00000, 0x00000000f7d80000, 0x0000000100000000)
  eden space 207872K, 100% used [0x00000000eab00000,0x00000000f7600000,0x00000000f7600000)
  from space 3072K, 0% used [0x00000000f7980000,0x00000000f7980000,0x00000000f7c80000)
  to   space 3584K, 0% used [0x00000000f7600000,0x00000000f7600000,0x00000000f7980000)
 ParOldGen       total 29184K, used 5419K [0x00000000c0000000, 0x00000000c1c80000, 0x00000000eab00000)
  object space 29184K, 18% used [0x00000000c0000000,0x00000000c054ad70,0x00000000c1c80000)
 Metaspace       used 24173K, capacity 24974K, committed 25216K, reserved 1071104K
  class space    used 3170K, capacity 3367K, committed 3456K, reserved 1048576K
Event: 5.478 GC heap after
Heap after GC invocations=12 (full 1):
 PSYoungGen      total 211456K, used 3572K [0x00000000eab00000, 0x00000000fcb80000, 0x0000000100000000)
  eden space 207872K, 0% used [0x00000000eab00000,0x00000000eab00000,0x00000000f7600000)
  from space 3584K, 99% used [0x00000000f7600000,0x00000000f797d040,0x00000000f7980000)
  to   space 4096K, 0% used [0x00000000fc780000,0x00000000fc780000,0x00000000fcb80000)
 ParOldGen       total 29184K, used 6259K [0x00000000c0000000, 0x00000000c1c80000, 0x00000000eab00000)
  object space 29184K, 21% used [0x00000000c0000000,0x00000000c061cd70,0x00000000c1c80000)
 Metaspace       used 24173K, capacity 24974K, committed 25216K, reserved 1071104K
  class space    used 3170K, capacity 3367K, committed 3456K, reserved 1048576K
}
Event: 7.629 GC heap before
{Heap before GC invocations=13 (full 1):
 PSYoungGen      total 211456K, used 211444K [0x00000000eab00000, 0x00000000fcb80000, 0x0000000100000000)
  eden space 207872K, 100% used [0x00000000eab00000,0x00000000f7600000,0x00000000f7600000)
  from space 3584K, 99% used [0x00000000f7600000,0x00000000f797d040,0x00000000f7980000)
  to   space 4096K, 0% used [0x00000000fc780000,0x00000000fc780000,0x00000000fcb80000)
 ParOldGen       total 29184K, used 6259K [0x00000000c0000000, 0x00000000c1c80000, 0x00000000eab00000)
  object space 29184K, 21% used [0x00000000c0000000,0x00000000c061cd70,0x00000000c1c80000)
 Metaspace       used 31477K, capacity 32760K, committed 32896K, reserved 1077248K
  class space    used 4176K, capacity 4460K, committed 4480K, reserved 1048576K
Event: 7.652 GC heap after
Heap after GC invocations=13 (full 1):
 PSYoungGen      total 286208K, used 4087K [0x00000000eab00000, 0x00000000fcb80000, 0x0000000100000000)
  eden space 282112K, 0% used [0x00000000eab00000,0x00000000eab00000,0x00000000fbe80000)
  from space 4096K, 99% used [0x00000000fc780000,0x00000000fcb7ddc0,0x00000000fcb80000)
  to   space 6144K, 0% used [0x00000000fbf80000,0x00000000fbf80000,0x00000000fc580000)
 ParOldGen       total 29184K, used 10123K [0x00000000c0000000, 0x00000000c1c80000, 0x00000000eab00000)
  object space 29184K, 34% used [0x00000000c0000000,0x00000000c09e2dc0,0x00000000c1c80000)
 Metaspace       used 31477K, capacity 32760K, committed 32896K, reserved 1077248K
  class space    used 4176K, capacity 4460K, committed 4480K, reserved 1048576K
}

