# JRE version: Java(TM) SE Runtime Environment (8.0_231-b11) (build 1.8.0_231-b11)
# Java VM: Java HotSpot(TM) 64-Bit Server VM (25.231-b11 mixed mode windows-amd64 compressed oops)
Heap:
 PSYoungGen      total 284672K, used 166880K [0x00000000eab00000, 0x00000000fd600000, 0x0000000100000000)
  eden space 263168K, 63% used [0x00000000eab00000,0x00000000f4df80c0,0x00000000fac00000)
  from space 21504K, 0% used [0x00000000fc100000,0x00000000fc100000,0x00000000fd600000)
  to   space 21504K, 0% used [0x00000000fac00000,0x00000000fac00000,0x00000000fc100000)
 ParOldGen       total 349696K, used 5515K [0x00000000c0000000, 0x00000000d5580000, 0x00000000eab00000)
  object space 349696K, 1% used [0x00000000c0000000,0x00000000c0562e50,0x00000000d5580000)
 Metaspace       used 23440K, capacity 24310K, committed 24576K, reserved 1071104K
  class space    used 3077K, capacity 3299K, committed 3328K, reserved 1048576K
GC Heap History (10 events):
Event: 2.092 GC heap before
{Heap before GC invocations=1 (full 0):
 PSYoungGen      total 153088K, used 131584K [0x00000000eab00000, 0x00000000f5580000, 0x0000000100000000)
  eden space 131584K, 100% used [0x00000000eab00000,0x00000000f2b80000,0x00000000f2b80000)
  from space 21504K, 0% used [0x00000000f4080000,0x00000000f4080000,0x00000000f5580000)
  to   space 21504K, 0% used [0x00000000f2b80000,0x00000000f2b80000,0x00000000f4080000)
 ParOldGen       total 349696K, used 0K [0x00000000c0000000, 0x00000000d5580000, 0x00000000eab00000)
  object space 349696K, 0% used [0x00000000c0000000,0x00000000c0000000,0x00000000d5580000)
 Metaspace       used 10534K, capacity 10738K, committed 10880K, reserved 1058816K
  class space    used 1305K, capacity 1381K, committed 1408K, reserved 1048576K
Event: 2.100 GC heap after
Heap after GC invocations=1 (full 0):
 PSYoungGen      total 153088K, used 3216K [0x00000000eab00000, 0x00000000f5580000, 0x0000000100000000)
  eden space 131584K, 0% used [0x00000000eab00000,0x00000000eab00000,0x00000000f2b80000)
  from space 21504K, 14% used [0x00000000f2b80000,0x00000000f2ea4020,0x00000000f4080000)
  to   space 21504K, 0% used [0x00000000f4080000,0x00000000f4080000,0x00000000f5580000)
 ParOldGen       total 349696K, used 16K [0x00000000c0000000, 0x00000000d5580000, 0x00000000eab00000)
  object space 349696K, 0% used [0x00000000c0000000,0x00000000c0004000,0x00000000d5580000)
 Metaspace       used 10534K, capacity 10738K, committed 10880K, reserved 1058816K
  class space    used 1305K, capacity 1381K, committed 1408K, reserved 1048576K
}
Event: 2.800 GC heap before
{Heap before GC invocations=2 (full 0):
 PSYoungGen      total 153088K, used 134800K [0x00000000eab00000, 0x00000000f5580000, 0x0000000100000000)
  eden space 131584K, 100% used [0x00000000eab00000,0x00000000f2b80000,0x00000000f2b80000)
  from space 21504K, 14% used [0x00000000f2b80000,0x00000000f2ea4020,0x00000000f4080000)
  to   space 21504K, 0% used [0x00000000f4080000,0x00000000f4080000,0x00000000f5580000)
 ParOldGen       total 349696K, used 16K [0x00000000c0000000, 0x00000000d5580000, 0x00000000eab00000)
  object space 349696K, 0% used [0x00000000c0000000,0x00000000c0004000,0x00000000d5580000)
 Metaspace       used 14654K, capacity 15114K, committed 15360K, reserved 1062912K
  class space    used 1930K, capacity 2045K, committed 2048K, reserved 1048576K
Event: 2.833 GC heap after
Heap after GC invocations=2 (full 0):
 PSYoungGen      total 153088K, used 4656K [0x00000000eab00000, 0x00000000fd600000, 0x0000000100000000)
  eden space 131584K, 0% used [0x00000000eab00000,0x00000000eab00000,0x00000000f2b80000)
  from space 21504K, 21% used [0x00000000f4080000,0x00000000f450c040,0x00000000f5580000)
  to   space 21504K, 0% used [0x00000000f2b80000,0x00000000f2b80000,0x00000000f4080000)
 ParOldGen       total 349696K, used 16K [0x00000000c0000000, 0x00000000d5580000, 0x00000000eab00000)
  object space 349696K, 0% used [0x00000000c0000000,0x00000000c0004000,0x00000000d5580000)
 Metaspace       used 14654K, capacity 15114K, committed 15360K, reserved 1062912K
  class space    used 1930K, capacity 2045K, committed 2048K, reserved 1048576K
}
Event: 3.396 GC heap before
{Heap before GC invocations=3 (full 0):
 PSYoungGen      total 153088K, used 136240K [0x00000000eab00000, 0x00000000fd600000, 0x0000000100000000)
  eden space 131584K, 100% used [0x00000000eab00000,0x00000000f2b80000,0x00000000f2b80000)
  from space 21504K, 21% used [0x00000000f4080000,0x00000000f450c040,0x00000000f5580000)
  to   space 21504K, 0% used [0x00000000f2b80000,0x00000000f2b80000,0x00000000f4080000)
 ParOldGen       total 349696K, used 16K [0x00000000c0000000, 0x00000000d5580000, 0x00000000eab00000)
  object space 349696K, 0% used [0x00000000c0000000,0x00000000c0004000,0x00000000d5580000)
 Metaspace       used 19378K, capacity 19950K, committed 20096K, reserved 1067008K
  class space    used 2497K, capacity 2671K, committed 2688K, reserved 1048576K
Event: 3.407 GC heap after
Heap after GC invocations=3 (full 0):
 PSYoungGen      total 153088K, used 5456K [0x00000000eab00000, 0x00000000fd600000, 0x0000000100000000)
  eden space 131584K, 0% used [0x00000000eab00000,0x00000000eab00000,0x00000000f2b80000)
  from space 21504K, 25% used [0x00000000f2b80000,0x00000000f30d4010,0x00000000f4080000)
  to   space 21504K, 0% used [0x00000000fc100000,0x00000000fc100000,0x00000000fd600000)
 ParOldGen       total 349696K, used 88K [0x00000000c0000000, 0x00000000d5580000, 0x00000000eab00000)
  object space 349696K, 0% used [0x00000000c0000000,0x00000000c0016010,0x00000000d5580000)
 Metaspace       used 19378K, capacity 19950K, committed 20096K, reserved 1067008K
  class space    used 2497K, capacity 2671K, committed 2688K, reserved 1048576K
}
Event: 3.599 GC heap before
{Heap before GC invocations=4 (full 0):
 PSYoungGen      total 153088K, used 50213K [0x00000000eab00000, 0x00000000fd600000, 0x0000000100000000)
  eden space 131584K, 34% used [0x00000000eab00000,0x00000000ed6b5740,0x00000000f2b80000)
  from space 21504K, 25% used [0x00000000f2b80000,0x00000000f30d4010,0x00000000f4080000)
  to   space 21504K, 0% used [0x00000000fc100000,0x00000000fc100000,0x00000000fd600000)
 ParOldGen       total 349696K, used 88K [0x00000000c0000000, 0x00000000d5580000, 0x00000000eab00000)
  object space 349696K, 0% used [0x00000000c0000000,0x00000000c0016010,0x00000000d5580000)
 Metaspace       used 20665K, capacity 21166K, committed 21296K, reserved 1067008K
  class space    used 2694K, capacity 2863K, committed 2944K, reserved 1048576K
Event: 3.618 GC heap after
Heap after GC invocations=4 (full 0):
 PSYoungGen      total 284672K, used 5504K [0x00000000eab00000, 0x00000000fd600000, 0x0000000100000000)
  eden space 263168K, 0% used [0x00000000eab00000,0x00000000eab00000,0x00000000fac00000)
  from space 21504K, 25% used [0x00000000fc100000,0x00000000fc660020,0x00000000fd600000)
  to   space 21504K, 0% used [0x00000000fac00000,0x00000000fac00000,0x00000000fc100000)
 ParOldGen       total 349696K, used 88K [0x00000000c0000000, 0x00000000d5580000, 0x00000000eab00000)
  object space 349696K, 0% used [0x00000000c0000000,0x00000000c0016010,0x00000000d5580000)
 Metaspace       used 20665K, capacity 21166K, committed 21296K, reserved 1067008K
  class space    used 2694K, capacity 2863K, committed 2944K, reserved 1048576K
}
Event: 3.618 GC heap before
{Heap before GC invocations=5 (full 1):
 PSYoungGen      total 284672K, used 5504K [0x00000000eab00000, 0x00000000fd600000, 0x0000000100000000)
  eden space 263168K, 0% used [0x00000000eab00000,0x00000000eab00000,0x00000000fac00000)
  from space 21504K, 25% used [0x00000000fc100000,0x00000000fc660020,0x00000000fd600000)
  to   space 21504K, 0% used [0x00000000fac00000,0x00000000fac00000,0x00000000fc100000)
 ParOldGen       total 349696K, used 88K [0x00000000c0000000, 0x00000000d5580000, 0x00000000eab00000)
  object space 349696K, 0% used [0x00000000c0000000,0x00000000c0016010,0x00000000d5580000)
 Metaspace       used 20665K, capacity 21166K, committed 21296K, reserved 1067008K
  class space    used 2694K, capacity 2863K, committed 2944K, reserved 1048576K
Event: 3.681 GC heap after
Heap after GC invocations=5 (full 1):
 PSYoungGen      total 284672K, used 0K [0x00000000eab00000, 0x00000000fd600000, 0x0000000100000000)
  eden space 263168K, 0% used [0x00000000eab00000,0x00000000eab00000,0x00000000fac00000)
  from space 21504K, 0% used [0x00000000fc100000,0x00000000fc100000,0x00000000fd600000)
  to   space 21504K, 0% used [0x00000000fac00000,0x00000000fac00000,0x00000000fc100000)
 ParOldGen       total 349696K, used 5515K [0x00000000c0000000, 0x00000000d5580000, 0x00000000eab00000)
  object space 349696K, 1% used [0x00000000c0000000,0x00000000c0562e50,0x00000000d5580000)
 Metaspace       used 20665K, capacity 21166K, committed 21296K, reserved 1067008K
  class space    used 2694K, capacity 2863K, committed 2944K, reserved 1048576K
}

